<?xml version="1.0" encoding="UTF-8"?>
<coverage generated="1730335247492" clover="3.2.0">
  <project timestamp="1730335247492" name="All files">
    <metrics statements="17" coveredstatements="16" conditionals="2" coveredconditionals="1" methods="23" coveredmethods="10" elements="42" coveredelements="27" complexity="0" loc="17" ncloc="17" packages="1" files="5" classes="5"/>
    <file name="01_return.js" path="/home/cbthrive/Codeboxx/shario-jsexercise/practice/01_return.js">
      <metrics statements="6" coveredstatements="6" conditionals="0" coveredconditionals="0" methods="5" coveredmethods="5"/>
      <line num="6" count="1" type="stmt"/>
      <line num="13" count="2" type="stmt"/>
      <line num="20" count="2" type="stmt"/>
      <line num="27" count="2" type="stmt"/>
      <line num="33" count="2" type="stmt"/>
      <line num="38" count="1" type="stmt"/>
    </file>
    <file name="02_function_parameters.js" path="/home/cbthrive/Codeboxx/shario-jsexercise/practice/02_function_parameters.js">
      <metrics statements="5" coveredstatements="5" conditionals="0" coveredconditionals="0" methods="4" coveredmethods="4"/>
      <line num="5" count="3" type="stmt"/>
      <line num="11" count="3" type="stmt"/>
      <line num="17" count="2" type="stmt"/>
      <line num="23" count="2" type="stmt"/>
      <line num="28" count="1" type="stmt"/>
    </file>
    <file name="03_if_statements.js" path="/home/cbthrive/Codeboxx/shario-jsexercise/practice/03_if_statements.js">
      <metrics statements="3" coveredstatements="2" conditionals="2" coveredconditionals="1" methods="4" coveredmethods="1"/>
      <line num="8" count="1" type="cond" truecount="1" falsecount="1"/>
      <line num="9" count="0" type="stmt"/>
      <line num="48" count="1" type="stmt"/>
    </file>
    <file name="04_variables.js" path="/home/cbthrive/Codeboxx/shario-jsexercise/practice/04_variables.js">
      <metrics statements="2" coveredstatements="2" conditionals="0" coveredconditionals="0" methods="1" coveredmethods="0"/>
      <line num="2" count="1" type="stmt"/>
      <line num="39" count="1" type="stmt"/>
    </file>
    <file name="05_arrays_and_loops.js" path="/home/cbthrive/Codeboxx/shario-jsexercise/practice/05_arrays_and_loops.js">
      <metrics statements="1" coveredstatements="1" conditionals="0" coveredconditionals="0" methods="9" coveredmethods="0"/>
      <line num="76" count="1" type="stmt"/>
    </file>
  </project>
</coverage>
