<?xml version="1.0" encoding="UTF-8"?>
<coverage generated="1730853521636" clover="3.2.0">
  <project timestamp="1730853521638" name="All files">
    <metrics statements="42" coveredstatements="42" conditionals="26" coveredconditionals="24" methods="23" coveredmethods="23" elements="91" coveredelements="89" complexity="0" loc="42" ncloc="42" packages="1" files="5" classes="5"/>
    <file name="01_return.js" path="/home/cbthrive/Codeboxx/shario-jsexercise/practice/01_return.js">
      <metrics statements="6" coveredstatements="6" conditionals="0" coveredconditionals="0" methods="5" coveredmethods="5"/>
      <line num="6" count="1" type="stmt"/>
      <line num="13" count="2" type="stmt"/>
      <line num="20" count="2" type="stmt"/>
      <line num="27" count="2" type="stmt"/>
      <line num="33" count="2" type="stmt"/>
      <line num="38" count="1" type="stmt"/>
    </file>
    <file name="02_function_parameters.js" path="/home/cbthrive/Codeboxx/shario-jsexercise/practice/02_function_parameters.js">
      <metrics statements="5" coveredstatements="5" conditionals="0" coveredconditionals="0" methods="4" coveredmethods="4"/>
      <line num="5" count="3" type="stmt"/>
      <line num="11" count="3" type="stmt"/>
      <line num="17" count="2" type="stmt"/>
      <line num="23" count="2" type="stmt"/>
      <line num="28" count="1" type="stmt"/>
    </file>
    <file name="03_if_statements.js" path="/home/cbthrive/Codeboxx/shario-jsexercise/practice/03_if_statements.js">
      <metrics statements="21" coveredstatements="21" conditionals="26" coveredconditionals="24" methods="4" coveredmethods="4"/>
      <line num="9" count="4" type="cond" truecount="2" falsecount="0"/>
      <line num="11" count="2" type="stmt"/>
      <line num="17" count="2" type="stmt"/>
      <line num="30" count="4" type="cond" truecount="2" falsecount="0"/>
      <line num="32" count="2" type="stmt"/>
      <line num="34" count="2" type="stmt"/>
      <line num="47" count="8" type="cond" truecount="2" falsecount="0"/>
      <line num="48" count="3" type="stmt"/>
      <line num="49" count="5" type="cond" truecount="4" falsecount="0"/>
      <line num="50" count="2" type="stmt"/>
      <line num="51" count="3" type="cond" truecount="2" falsecount="0"/>
      <line num="52" count="1" type="stmt"/>
      <line num="53" count="2" type="cond" truecount="1" falsecount="1"/>
      <line num="54" count="2" type="stmt"/>
      <line num="71" count="7" type="cond" truecount="6" falsecount="0"/>
      <line num="72" count="4" type="stmt"/>
      <line num="73" count="3" type="cond" truecount="2" falsecount="0"/>
      <line num="74" count="1" type="stmt"/>
      <line num="75" count="2" type="cond" truecount="3" falsecount="1"/>
      <line num="76" count="2" type="stmt"/>
      <line num="90" count="1" type="stmt"/>
    </file>
    <file name="04_variables.js" path="/home/cbthrive/Codeboxx/shario-jsexercise/practice/04_variables.js">
      <metrics statements="6" coveredstatements="6" conditionals="0" coveredconditionals="0" methods="1" coveredmethods="1"/>
      <line num="2" count="1" type="stmt"/>
      <line num="8" count="1" type="stmt"/>
      <line num="16" count="1" type="stmt"/>
      <line num="17" count="1" type="stmt"/>
      <line num="36" count="1" type="stmt"/>
      <line num="49" count="1" type="stmt"/>
    </file>
    <file name="05_arrays_and_loops.js" path="/home/cbthrive/Codeboxx/shario-jsexercise/practice/05_arrays_and_loops.js">
      <metrics statements="4" coveredstatements="4" conditionals="0" coveredconditionals="0" methods="9" coveredmethods="9"/>
      <line num="7" count="1" type="stmt"/>
      <line num="16" count="3" type="stmt"/>
      <line num="26" count="1" type="stmt"/>
      <line num="79" count="1" type="stmt"/>
    </file>
  </project>
</coverage>
