{"/home/cbthrive/Codeboxx/shario-jsexercise/practice/01_return.js": {"path":"/home/cbthrive/Codeboxx/shario-jsexercise/practice/01_return.js","statementMap":{"0":{"start":{"line":6,"column":4},"end":{"line":6,"column":24}},"1":{"start":{"line":13,"column":4},"end":{"line":13,"column":14}},"2":{"start":{"line":20,"column":4},"end":{"line":20,"column":26}},"3":{"start":{"line":27,"column":4},"end":{"line":27,"column":16}},"4":{"start":{"line":33,"column":2},"end":{"line":33,"column":13}},"5":{"start":{"line":38,"column":0},"end":{"line":38,"column":57}}},"fnMap":{"0":{"name":"hello","decl":{"start":{"line":4,"column":9},"end":{"line":4,"column":14}},"loc":{"start":{"line":4,"column":16},"end":{"line":7,"column":1}},"line":4},"1":{"name":"sum","decl":{"start":{"line":11,"column":9},"end":{"line":11,"column":12}},"loc":{"start":{"line":11,"column":18},"end":{"line":14,"column":1}},"line":11},"2":{"name":"helloPerson","decl":{"start":{"line":18,"column":9},"end":{"line":18,"column":20}},"loc":{"start":{"line":18,"column":26},"end":{"line":21,"column":1}},"line":18},"3":{"name":"minus","decl":{"start":{"line":25,"column":9},"end":{"line":25,"column":14}},"loc":{"start":{"line":25,"column":20},"end":{"line":28,"column":1}},"line":25},"4":{"name":"divide","decl":{"start":{"line":32,"column":9},"end":{"line":32,"column":15}},"loc":{"start":{"line":32,"column":21},"end":{"line":35,"column":1}},"line":32}},"branchMap":{},"s":{"0":1,"1":2,"2":2,"3":2,"4":2,"5":1},"f":{"0":1,"1":2,"2":2,"3":2,"4":2},"b":{},"_coverageSchema":"1a1c01bbd47fc00a2c39e90264f33305004495a9","hash":"550e1a6f4453d781c9a25a8f6dd2cf34151426e9"}
,"/home/cbthrive/Codeboxx/shario-jsexercise/practice/02_function_parameters.js": {"path":"/home/cbthrive/Codeboxx/shario-jsexercise/practice/02_function_parameters.js","statementMap":{"0":{"start":{"line":5,"column":4},"end":{"line":5,"column":18}},"1":{"start":{"line":11,"column":4},"end":{"line":11,"column":17}},"2":{"start":{"line":17,"column":4},"end":{"line":17,"column":30}},"3":{"start":{"line":23,"column":4},"end":{"line":23,"column":18}},"4":{"start":{"line":28,"column":0},"end":{"line":28,"column":49}}},"fnMap":{"0":{"name":"double","decl":{"start":{"line":4,"column":9},"end":{"line":4,"column":15}},"loc":{"start":{"line":4,"column":20},"end":{"line":6,"column":1}},"line":4},"1":{"name":"multiply","decl":{"start":{"line":10,"column":9},"end":{"line":10,"column":17}},"loc":{"start":{"line":10,"column":22},"end":{"line":12,"column":1}},"line":10},"2":{"name":"shout","decl":{"start":{"line":16,"column":9},"end":{"line":16,"column":14}},"loc":{"start":{"line":16,"column":20},"end":{"line":18,"column":1}},"line":16},"3":{"name":"first","decl":{"start":{"line":22,"column":9},"end":{"line":22,"column":14}},"loc":{"start":{"line":22,"column":19},"end":{"line":24,"column":1}},"line":22}},"branchMap":{},"s":{"0":3,"1":3,"2":2,"3":2,"4":1},"f":{"0":3,"1":3,"2":2,"3":2},"b":{},"_coverageSchema":"1a1c01bbd47fc00a2c39e90264f33305004495a9","hash":"81811befe9996bc84dd325c903f5104adac6ec11"}
,"/home/cbthrive/Codeboxx/shario-jsexercise/practice/03_if_statements.js": {"path":"/home/cbthrive/Codeboxx/shario-jsexercise/practice/03_if_statements.js","statementMap":{"0":{"start":{"line":9,"column":4},"end":{"line":18,"column":5}},"1":{"start":{"line":11,"column":8},"end":{"line":11,"column":21}},"2":{"start":{"line":17,"column":7},"end":{"line":17,"column":21}},"3":{"start":{"line":30,"column":4},"end":{"line":36,"column":5}},"4":{"start":{"line":32,"column":1},"end":{"line":32,"column":18}},"5":{"start":{"line":34,"column":0},"end":{"line":34,"column":19}},"6":{"start":{"line":47,"column":4},"end":{"line":55,"column":5}},"7":{"start":{"line":48,"column":8},"end":{"line":48,"column":34}},"8":{"start":{"line":49,"column":11},"end":{"line":55,"column":5}},"9":{"start":{"line":50,"column":7},"end":{"line":50,"column":36}},"10":{"start":{"line":51,"column":10},"end":{"line":55,"column":5}},"11":{"start":{"line":52,"column":7},"end":{"line":52,"column":31}},"12":{"start":{"line":53,"column":10},"end":{"line":55,"column":5}},"13":{"start":{"line":54,"column":8},"end":{"line":54,"column":27}},"14":{"start":{"line":71,"column":4},"end":{"line":77,"column":5}},"15":{"start":{"line":72,"column":8},"end":{"line":72,"column":24}},"16":{"start":{"line":73,"column":12},"end":{"line":77,"column":5}},"17":{"start":{"line":74,"column":8},"end":{"line":74,"column":31}},"18":{"start":{"line":75,"column":11},"end":{"line":77,"column":5}},"19":{"start":{"line":76,"column":8},"end":{"line":76,"column":24}},"20":{"start":{"line":90,"column":0},"end":{"line":90,"column":52}}},"fnMap":{"0":{"name":"canDrink","decl":{"start":{"line":7,"column":9},"end":{"line":7,"column":17}},"loc":{"start":{"line":7,"column":22},"end":{"line":19,"column":1}},"line":7},"1":{"name":"canVote","decl":{"start":{"line":28,"column":9},"end":{"line":28,"column":16}},"loc":{"start":{"line":28,"column":21},"end":{"line":38,"column":1}},"line":28},"2":{"name":"canDrive","decl":{"start":{"line":45,"column":9},"end":{"line":45,"column":17}},"loc":{"start":{"line":45,"column":22},"end":{"line":59,"column":1}},"line":45},"3":{"name":"week","decl":{"start":{"line":65,"column":9},"end":{"line":65,"column":13}},"loc":{"start":{"line":65,"column":18},"end":{"line":80,"column":2}},"line":65}},"branchMap":{"0":{"loc":{"start":{"line":9,"column":4},"end":{"line":18,"column":5}},"type":"if","locations":[{"start":{"line":9,"column":4},"end":{"line":18,"column":5}},{"start":{"line":15,"column":11},"end":{"line":18,"column":5}}],"line":9},"1":{"loc":{"start":{"line":30,"column":4},"end":{"line":36,"column":5}},"type":"if","locations":[{"start":{"line":30,"column":4},"end":{"line":36,"column":5}},{"start":{"line":33,"column":11},"end":{"line":36,"column":5}}],"line":30},"2":{"loc":{"start":{"line":47,"column":4},"end":{"line":55,"column":5}},"type":"if","locations":[{"start":{"line":47,"column":4},"end":{"line":55,"column":5}},{"start":{"line":49,"column":11},"end":{"line":55,"column":5}}],"line":47},"3":{"loc":{"start":{"line":49,"column":11},"end":{"line":55,"column":5}},"type":"if","locations":[{"start":{"line":49,"column":11},"end":{"line":55,"column":5}},{"start":{"line":51,"column":10},"end":{"line":55,"column":5}}],"line":49},"4":{"loc":{"start":{"line":49,"column":15},"end":{"line":49,"column":37}},"type":"binary-expr","locations":[{"start":{"line":49,"column":15},"end":{"line":49,"column":24}},{"start":{"line":49,"column":28},"end":{"line":49,"column":37}}],"line":49},"5":{"loc":{"start":{"line":51,"column":10},"end":{"line":55,"column":5}},"type":"if","locations":[{"start":{"line":51,"column":10},"end":{"line":55,"column":5}},{"start":{"line":53,"column":10},"end":{"line":55,"column":5}}],"line":51},"6":{"loc":{"start":{"line":53,"column":10},"end":{"line":55,"column":5}},"type":"if","locations":[{"start":{"line":53,"column":10},"end":{"line":55,"column":5}},{"start":{},"end":{}}],"line":53},"7":{"loc":{"start":{"line":71,"column":4},"end":{"line":77,"column":5}},"type":"if","locations":[{"start":{"line":71,"column":4},"end":{"line":77,"column":5}},{"start":{"line":73,"column":12},"end":{"line":77,"column":5}}],"line":71},"8":{"loc":{"start":{"line":71,"column":8},"end":{"line":71,"column":72}},"type":"binary-expr","locations":[{"start":{"line":71,"column":8},"end":{"line":71,"column":21}},{"start":{"line":71,"column":23},"end":{"line":71,"column":37}},{"start":{"line":71,"column":39},"end":{"line":71,"column":55}},{"start":{"line":71,"column":57},"end":{"line":71,"column":72}}],"line":71},"9":{"loc":{"start":{"line":73,"column":12},"end":{"line":77,"column":5}},"type":"if","locations":[{"start":{"line":73,"column":12},"end":{"line":77,"column":5}},{"start":{"line":75,"column":11},"end":{"line":77,"column":5}}],"line":73},"10":{"loc":{"start":{"line":75,"column":11},"end":{"line":77,"column":5}},"type":"if","locations":[{"start":{"line":75,"column":11},"end":{"line":77,"column":5}},{"start":{},"end":{}}],"line":75},"11":{"loc":{"start":{"line":75,"column":14},"end":{"line":75,"column":44}},"type":"binary-expr","locations":[{"start":{"line":75,"column":14},"end":{"line":75,"column":29}},{"start":{"line":75,"column":31},"end":{"line":75,"column":44}}],"line":75}},"s":{"0":4,"1":2,"2":2,"3":4,"4":2,"5":2,"6":8,"7":3,"8":5,"9":2,"10":3,"11":1,"12":2,"13":2,"14":7,"15":4,"16":3,"17":1,"18":2,"19":2,"20":1},"f":{"0":4,"1":4,"2":8,"3":7},"b":{"0":[2,2],"1":[2,2],"2":[3,5],"3":[2,3],"4":[5,4],"5":[1,2],"6":[2,0],"7":[4,3],"8":[7,6,5,4],"9":[1,2],"10":[2,0],"11":[2,1]},"_coverageSchema":"1a1c01bbd47fc00a2c39e90264f33305004495a9","hash":"146ba0aa812f8be44303916a2adec7fe120915bf"}
,"/home/cbthrive/Codeboxx/shario-jsexercise/practice/04_variables.js": {"path":"/home/cbthrive/Codeboxx/shario-jsexercise/practice/04_variables.js","statementMap":{"0":{"start":{"line":2,"column":13},"end":{"line":2,"column":14}},"1":{"start":{"line":8,"column":0},"end":{"line":8,"column":9}},"2":{"start":{"line":16,"column":17},"end":{"line":16,"column":23}},"3":{"start":{"line":17,"column":5},"end":{"line":17,"column":17}},"4":{"start":{"line":36,"column":14},"end":{"line":36,"column":23}},"5":{"start":{"line":49,"column":0},"end":{"line":49,"column":45}}},"fnMap":{"0":{"name":"getName","decl":{"start":{"line":15,"column":9},"end":{"line":15,"column":16}},"loc":{"start":{"line":15,"column":18},"end":{"line":25,"column":1}},"line":15}},"branchMap":{},"s":{"0":1,"1":1,"2":1,"3":1,"4":1,"5":1},"f":{"0":1},"b":{},"_coverageSchema":"1a1c01bbd47fc00a2c39e90264f33305004495a9","hash":"6f388373797da0669848fa041e3aa8de867e995a"}
,"/home/cbthrive/Codeboxx/shario-jsexercise/practice/05_arrays_and_loops.js": {"path":"/home/cbthrive/Codeboxx/shario-jsexercise/practice/05_arrays_and_loops.js","statementMap":{"0":{"start":{"line":7,"column":4},"end":{"line":7,"column":17}},"1":{"start":{"line":16,"column":4},"end":{"line":16,"column":21}},"2":{"start":{"line":26,"column":4},"end":{"line":26,"column":30}},"3":{"start":{"line":35,"column":9},"end":{"line":35,"column":10}},"4":{"start":{"line":36,"column":0},"end":{"line":38,"column":1}},"5":{"start":{"line":36,"column":13},"end":{"line":36,"column":14}},"6":{"start":{"line":37,"column":4},"end":{"line":37,"column":18}},"7":{"start":{"line":40,"column":0},"end":{"line":40,"column":10}},"8":{"start":{"line":49,"column":18},"end":{"line":49,"column":24}},"9":{"start":{"line":50,"column":4},"end":{"line":55,"column":9}},"10":{"start":{"line":50,"column":17},"end":{"line":50,"column":18}},"11":{"start":{"line":51,"column":8},"end":{"line":54,"column":9}},"12":{"start":{"line":52,"column":12},"end":{"line":52,"column":29}},"13":{"start":{"line":56,"column":0},"end":{"line":56,"column":15}},"14":{"start":{"line":65,"column":14},"end":{"line":65,"column":15}},"15":{"start":{"line":66,"column":4},"end":{"line":68,"column":6}},"16":{"start":{"line":67,"column":8},"end":{"line":67,"column":22}},"17":{"start":{"line":70,"column":4},"end":{"line":70,"column":15}},"18":{"start":{"line":77,"column":17},"end":{"line":77,"column":18}},"19":{"start":{"line":78,"column":4},"end":{"line":84,"column":6}},"20":{"start":{"line":79,"column":8},"end":{"line":82,"column":9}},"21":{"start":{"line":80,"column":12},"end":{"line":80,"column":29}},"22":{"start":{"line":86,"column":4},"end":{"line":86,"column":20}},"23":{"start":{"line":98,"column":14},"end":{"line":98,"column":15}},"24":{"start":{"line":99,"column":12},"end":{"line":99,"column":13}},"25":{"start":{"line":100,"column":4},"end":{"line":103,"column":5}},"26":{"start":{"line":101,"column":8},"end":{"line":101,"column":22}},"27":{"start":{"line":102,"column":8},"end":{"line":102,"column":12}},"28":{"start":{"line":104,"column":4},"end":{"line":104,"column":15}},"29":{"start":{"line":116,"column":18},"end":{"line":116,"column":19}},"30":{"start":{"line":117,"column":12},"end":{"line":117,"column":13}},"31":{"start":{"line":118,"column":4},"end":{"line":124,"column":5}},"32":{"start":{"line":119,"column":8},"end":{"line":122,"column":9}},"33":{"start":{"line":120,"column":12},"end":{"line":120,"column":29}},"34":{"start":{"line":123,"column":8},"end":{"line":123,"column":12}},"35":{"start":{"line":125,"column":4},"end":{"line":125,"column":19}},"36":{"start":{"line":130,"column":0},"end":{"line":130,"column":135}}},"fnMap":{"0":{"name":"first","decl":{"start":{"line":6,"column":9},"end":{"line":6,"column":14}},"loc":{"start":{"line":6,"column":19},"end":{"line":10,"column":1}},"line":6},"1":{"name":"howMany","decl":{"start":{"line":15,"column":9},"end":{"line":15,"column":16}},"loc":{"start":{"line":15,"column":21},"end":{"line":19,"column":1}},"line":15},"2":{"name":"last","decl":{"start":{"line":25,"column":9},"end":{"line":25,"column":13}},"loc":{"start":{"line":25,"column":18},"end":{"line":29,"column":1}},"line":25},"3":{"name":"forLoopSum","decl":{"start":{"line":34,"column":9},"end":{"line":34,"column":19}},"loc":{"start":{"line":34,"column":24},"end":{"line":43,"column":1}},"line":34},"4":{"name":"forLoopHighest","decl":{"start":{"line":48,"column":9},"end":{"line":48,"column":23}},"loc":{"start":{"line":48,"column":28},"end":{"line":59,"column":1}},"line":48},"5":{"name":"forEachLoopSum","decl":{"start":{"line":64,"column":9},"end":{"line":64,"column":23}},"loc":{"start":{"line":64,"column":29},"end":{"line":71,"column":1}},"line":64},"6":{"name":"(anonymous_6)","decl":{"start":{"line":66,"column":16},"end":{"line":66,"column":17}},"loc":{"start":{"line":66,"column":25},"end":{"line":68,"column":5}},"line":66},"7":{"name":"forEachLoopHighest","decl":{"start":{"line":76,"column":9},"end":{"line":76,"column":27}},"loc":{"start":{"line":76,"column":32},"end":{"line":87,"column":1}},"line":76},"8":{"name":"(anonymous_8)","decl":{"start":{"line":78,"column":16},"end":{"line":78,"column":17}},"loc":{"start":{"line":78,"column":25},"end":{"line":84,"column":5}},"line":78},"9":{"name":"whileLoopSum","decl":{"start":{"line":97,"column":9},"end":{"line":97,"column":21}},"loc":{"start":{"line":97,"column":27},"end":{"line":110,"column":1}},"line":97},"10":{"name":"whileLoopHighest","decl":{"start":{"line":115,"column":9},"end":{"line":115,"column":25}},"loc":{"start":{"line":115,"column":30},"end":{"line":127,"column":1}},"line":115}},"branchMap":{"0":{"loc":{"start":{"line":51,"column":8},"end":{"line":54,"column":9}},"type":"if","locations":[{"start":{"line":51,"column":8},"end":{"line":54,"column":9}},{"start":{},"end":{}}],"line":51},"1":{"loc":{"start":{"line":79,"column":8},"end":{"line":82,"column":9}},"type":"if","locations":[{"start":{"line":79,"column":8},"end":{"line":82,"column":9}},{"start":{},"end":{}}],"line":79},"2":{"loc":{"start":{"line":119,"column":8},"end":{"line":122,"column":9}},"type":"if","locations":[{"start":{"line":119,"column":8},"end":{"line":122,"column":9}},{"start":{},"end":{}}],"line":119}},"s":{"0":3,"1":3,"2":3,"3":2,"4":2,"5":2,"6":15,"7":2,"8":2,"9":2,"10":2,"11":13,"12":5,"13":2,"14":2,"15":2,"16":15,"17":2,"18":2,"19":2,"20":15,"21":7,"22":2,"23":2,"24":2,"25":2,"26":15,"27":15,"28":2,"29":2,"30":2,"31":2,"32":15,"33":7,"34":15,"35":2,"36":1},"f":{"0":3,"1":3,"2":3,"3":2,"4":2,"5":2,"6":15,"7":2,"8":15,"9":2,"10":2},"b":{"0":[5,8],"1":[7,8],"2":[7,8]},"_coverageSchema":"1a1c01bbd47fc00a2c39e90264f33305004495a9","hash":"5968f43fba56b6825322369260dceef20f1771ff"}
}
