TN:
SF:practice/01_return.js
FN:4,hello
FN:11,sum
FN:18,helloPerson
FN:25,minus
FN:32,divide
FNF:5
FNH:5
FNDA:1,hello
FNDA:2,sum
FNDA:2,helloPerson
FNDA:2,minus
FNDA:2,divide
DA:6,1
DA:13,2
DA:20,2
DA:27,2
DA:33,2
DA:38,1
LF:6
LH:6
BRF:0
BRH:0
end_of_record
TN:
SF:practice/02_function_parameters.js
FN:4,double
FN:10,multiply
FN:16,shout
FN:22,first
FNF:4
FNH:4
FNDA:3,double
FNDA:3,multiply
FNDA:2,shout
FNDA:2,first
DA:5,3
DA:11,3
DA:17,2
DA:23,2
DA:28,1
LF:5
LH:5
BRF:0
BRH:0
end_of_record
TN:
SF:practice/03_if_statements.js
FN:7,canDrink
FN:28,canVote
FN:45,canDrive
FN:65,week
FNF:4
FNH:4
FNDA:4,canDrink
FNDA:4,canVote
FNDA:8,canDrive
FNDA:7,week
DA:9,4
DA:11,2
DA:17,2
DA:30,4
DA:32,2
DA:34,2
DA:47,8
DA:48,3
DA:49,5
DA:50,2
DA:51,3
DA:52,1
DA:53,2
DA:54,2
DA:71,7
DA:72,4
DA:73,3
DA:74,1
DA:75,2
DA:76,2
DA:90,1
LF:21
LH:21
BRDA:9,0,0,2
BRDA:9,0,1,2
BRDA:30,1,0,2
BRDA:30,1,1,2
BRDA:47,2,0,3
BRDA:47,2,1,5
BRDA:49,3,0,2
BRDA:49,3,1,3
BRDA:49,4,0,5
BRDA:49,4,1,4
BRDA:51,5,0,1
BRDA:51,5,1,2
BRDA:53,6,0,2
BRDA:53,6,1,0
BRDA:71,7,0,4
BRDA:71,7,1,3
BRDA:71,8,0,7
BRDA:71,8,1,6
BRDA:71,8,2,5
BRDA:71,8,3,4
BRDA:73,9,0,1
BRDA:73,9,1,2
BRDA:75,10,0,2
BRDA:75,10,1,0
BRDA:75,11,0,2
BRDA:75,11,1,1
BRF:26
BRH:24
end_of_record
TN:
SF:practice/04_variables.js
FN:15,getName
FNF:1
FNH:1
FNDA:1,getName
DA:2,1
DA:8,1
DA:16,1
DA:17,1
DA:36,1
DA:49,1
LF:6
LH:6
BRF:0
BRH:0
end_of_record
TN:
SF:practice/05_arrays_and_loops.js
FN:6,first
FN:15,howMany
FN:25,last
FN:34,forLoopSum
FN:42,forLoopHighest
FN:50,forEachLoopSum
FN:58,forEachLoopHighest
FN:66,whileLoopSum
FN:74,whileLoopHighest
FNF:9
FNH:9
FNDA:1,first
FNDA:3,howMany
FNDA:1,last
FNDA:1,forLoopSum
FNDA:1,forLoopHighest
FNDA:1,forEachLoopSum
FNDA:1,forEachLoopHighest
FNDA:1,whileLoopSum
FNDA:1,whileLoopHighest
DA:7,1
DA:16,3
DA:26,1
DA:79,1
LF:4
LH:4
BRF:0
BRH:0
end_of_record
