TN:
SF:practice/01_return.js
FN:4,hello
FN:11,sum
FN:18,helloPerson
FN:25,minus
FN:32,divide
FNF:5
FNH:5
FNDA:1,hello
FNDA:2,sum
FNDA:2,helloPerson
FNDA:2,minus
FNDA:2,divide
DA:6,1
DA:13,2
DA:20,2
DA:27,2
DA:33,2
DA:38,1
LF:6
LH:6
BRF:0
BRH:0
end_of_record
TN:
SF:practice/02_function_parameters.js
FN:4,double
FN:10,multiply
FN:16,shout
FN:22,first
FNF:4
FNH:4
FNDA:3,double
FNDA:3,multiply
FNDA:2,shout
FNDA:2,first
DA:5,3
DA:11,3
DA:17,2
DA:23,2
DA:28,1
LF:5
LH:5
BRF:0
BRH:0
end_of_record
TN:
SF:practice/03_if_statements.js
FN:7,canDrink
FN:21,canVote
FN:31,canDrive
FN:40,week
FNF:4
FNH:1
FNDA:1,canDrink
FNDA:0,canVote
FNDA:0,canDrive
FNDA:0,week
DA:8,1
DA:9,0
DA:48,1
LF:3
LH:2
BRDA:8,0,0,0
BRDA:8,0,1,1
BRF:2
BRH:1
end_of_record
TN:
SF:practice/04_variables.js
FN:15,getName
FNF:1
FNH:0
FNDA:0,getName
DA:2,1
DA:39,1
LF:2
LH:2
BRF:0
BRH:0
end_of_record
TN:
SF:practice/05_arrays_and_loops.js
FN:6,first
FN:14,howMany
FN:23,last
FN:31,forLoopSum
FN:39,forLoopHighest
FN:47,forEachLoopSum
FN:55,forEachLoopHighest
FN:63,whileLoopSum
FN:71,whileLoopHighest
FNF:9
FNH:0
FNDA:0,first
FNDA:0,howMany
FNDA:0,last
FNDA:0,forLoopSum
FNDA:0,forLoopHighest
FNDA:0,forEachLoopSum
FNDA:0,forEachLoopHighest
FNDA:0,whileLoopSum
FNDA:0,whileLoopHighest
DA:76,1
LF:1
LH:1
BRF:0
BRH:0
end_of_record
